[INFO] Scanning for projects...
[WARNING] 
[WARNING] Some problems were encountered while building the effective model for org.example:SYW:jar:1.0-SNAPSHOT
[WARNING] 'dependencies.dependency.version' for junit:junit:jar is either LATEST or RELEASE (both of them are being deprecated) @ line 40, column 22
[WARNING] 
[WARNING] It is highly recommended to fix these problems because they threaten the stability of your build.
[WARNING] 
[WARNING] For this reason, future Maven versions might no longer support building such malformed projects.
[WARNING] 
[INFO] 
[INFO] --------------------------< org.example:SYW >---------------------------
[INFO] Building SYW 1.0-SNAPSHOT
[INFO] --------------------------------[ jar ]---------------------------------
[INFO] 
[INFO] --- maven-clean-plugin:2.5:clean (default-clean) @ SYW ---
[INFO] Deleting /Users/mohammadmudassirrafiq/IdeaProjects/SYW/target
[INFO] 
[INFO] --- maven-resources-plugin:2.6:resources (default-resources) @ SYW ---
[WARNING] Using platform encoding (UTF-8 actually) to copy filtered resources, i.e. build is platform dependent!
[INFO] Copying 4 resources
[INFO] 
[INFO] --- maven-compiler-plugin:3.8.1:compile (default-compile) @ SYW ---
[INFO] Changes detected - recompiling the module!
[WARNING] File encoding has not been set, using platform encoding UTF-8, i.e. build is platform dependent!
[INFO] Compiling 89 source files to /Users/mohammadmudassirrafiq/IdeaProjects/SYW/target/classes
[INFO] /Users/mohammadmudassirrafiq/IdeaProjects/SYW/src/main/java/Services/HttpRequestExecutor.java: /Users/mohammadmudassirrafiq/IdeaProjects/SYW/src/main/java/Services/HttpRequestExecutor.java uses unchecked or unsafe operations.
[INFO] /Users/mohammadmudassirrafiq/IdeaProjects/SYW/src/main/java/Services/HttpRequestExecutor.java: Recompile with -Xlint:unchecked for details.
[INFO] 
[INFO] --- maven-resources-plugin:2.6:testResources (default-testResources) @ SYW ---
[WARNING] Using platform encoding (UTF-8 actually) to copy filtered resources, i.e. build is platform dependent!
[INFO] skip non existing resourceDirectory /Users/mohammadmudassirrafiq/IdeaProjects/SYW/src/test/resources
[INFO] 
[INFO] --- maven-compiler-plugin:3.8.1:testCompile (default-testCompile) @ SYW ---
[INFO] Changes detected - recompiling the module!
[WARNING] File encoding has not been set, using platform encoding UTF-8, i.e. build is platform dependent!
[INFO] Compiling 2 source files to /Users/mohammadmudassirrafiq/IdeaProjects/SYW/target/test-classes
[INFO] 
[INFO] --- maven-surefire-plugin:3.0.0-M5:test (default-test) @ SYW ---
[INFO] 
[INFO] -------------------------------------------------------
[INFO]  T E S T S
[INFO] -------------------------------------------------------
[INFO] 
[INFO] Results:
[INFO] 
[INFO] Tests run: 0, Failures: 0, Errors: 0, Skipped: 0
[INFO] 
[INFO] 
[INFO] --- maven-jar-plugin:3.2.0:jar (default-jar) @ SYW ---
[INFO] Building jar: /Users/mohammadmudassirrafiq/IdeaProjects/SYW/target/SYW-1.0-SNAPSHOT.jar
[INFO] ------------------------------------------------------------------------
[INFO] BUILD SUCCESS
[INFO] ------------------------------------------------------------------------
[INFO] Total time:  2.149 s
[INFO] Finished at: 2024-07-05T11:01:23+01:00
[INFO] ------------------------------------------------------------------------
